<?xml version="1.0" encoding="UTF-8"?>
<testsuite xmlns:xsi="http://www.w3.org/2001/XMLSchema-instance" xsi:noNamespaceSchemaLocation="https://maven.apache.org/surefire/maven-surefire-plugin/xsd/surefire-test-report-3.0.xsd" version="3.0" name="com.recovermandate.RecoverMandateApplicationTests" time="5.838" tests="1" errors="0" skipped="0" failures="0">
  <properties>
[...]
</properties>
  <testcase name="contextLoads" classname="com.recovermandate.RecoverMandateApplicationTests" time="1.615">
    <system-out><![CDATA[10:01:05.100 [main] INFO org.springframework.test.context.support.AnnotationConfigContextLoaderUtils -- Could not detect default configuration classes for test class [com.recovermandate.RecoverMandateApplicationTests]: RecoverMandateApplicationTests does not declare any static, non-private, non-final, nested classes annotated with @Configuration.
10:01:05.319 [main] INFO org.springframework.boot.test.context.SpringBootTestContextBootstrapper -- Found @SpringBootConfiguration com.recovermandate.RecoverMandateApplication for test class com.recovermandate.RecoverMandateApplicationTests

  .   ____          _            __ _ _
 /\\ / ___'_ __ _ _(_)_ __  __ _ \ \ \ \
( ( )\___ | '_ | '_| | '_ \/ _` | \ \ \ \
 \\/  ___)| |_)| | | | | || (_| |  ) ) ) )
  '  |____| .__|_| |_|_| |_\__, | / / / /
 =========|_|==============|___/=/_/_/_/

 :: Spring Boot ::                (v3.3.3)

2026-08-23T10:01:06.254+05:30  INFO 1316 --- [recovermandate] [           main] c.r.RecoverMandateApplicationTests       : Starting RecoverMandateApplicationTests using Java 21.0.11 with PID 1316 (started by Paul in C:\Users\Paul\Desktop\recovermandate)
2026-08-23T10:01:06.255+05:30 DEBUG 1316 --- [recovermandate] [           main] c.r.RecoverMandateApplicationTests       : Running with Spring Boot v3.3.3, Spring v6.1.12
2026-08-23T10:01:06.257+05:30  INFO 1316 --- [recovermandate] [           main] c.r.RecoverMandateApplicationTests       : No active profile set, falling back to 1 default profile: "default"
2026-08-23T10:01:08.944+05:30  INFO 1316 --- [recovermandate] [           main] c.r.RecoverMandateApplicationTests       : Started RecoverMandateApplicationTests in 3.293 seconds (process running for 5.121)
]]></system-out>
    <system-err><![CDATA[WARNING: A Java agent has been loaded dynamically (C:\Users\Paul\.m2\repository\net\bytebuddy\byte-buddy-agent\1.14.19\byte-buddy-agent-1.14.19.jar)
WARNING: If a serviceability tool is in use, please run with -XX:+EnableDynamicAgentLoading to hide this warning
WARNING: If a serviceability tool is not in use, please run with -Djdk.instrument.traceUsage for more information
WARNING: Dynamic loading of agents will be disallowed by default in a future release
]]></system-err>
  </testcase>
</testsuite>